0 info it worked if it ends with ok
1 verbose cli [ '/Users/alikahwaji/.nvm/versions/node/v6.11.2/bin/node',
1 verbose cli   '/Users/alikahwaji/.nvm/versions/node/v6.11.2/bin/npm',
1 verbose cli   'start' ]
2 info using npm@3.10.10
3 info using node@v6.11.2
4 verbose run-script [ 'prestart', 'start', 'poststart' ]
5 info lifecycle api_core@0.0.1~prestart: api_core@0.0.1
6 verbose lifecycle api_core@0.0.1~prestart: unsafe-perm in lifecycle true
7 verbose lifecycle api_core@0.0.1~prestart: PATH: /Users/alikahwaji/.nvm/versions/node/v6.11.2/lib/node_modules/npm/bin/node-gyp-bin:/Users/alikahwaji/Desktop/workspace/APIs/api_core/node_modules/.bin:/Users/alikahwaji/.nvm/versions/node/v6.11.2/bin:/usr/local/bin:/usr/bin:/bin:/usr/sbin:/sbin:/opt/X11/bin:/bin
8 verbose lifecycle api_core@0.0.1~prestart: CWD: /Users/alikahwaji/Desktop/workspace/APIs/api_core
9 silly lifecycle api_core@0.0.1~prestart: Args: [ '-c', 'npm run -s build' ]
10 silly lifecycle api_core@0.0.1~prestart: Returned: code: 0  signal: null
11 info lifecycle api_core@0.0.1~start: api_core@0.0.1
12 verbose lifecycle api_core@0.0.1~start: unsafe-perm in lifecycle true
13 verbose lifecycle api_core@0.0.1~start: PATH: /Users/alikahwaji/.nvm/versions/node/v6.11.2/lib/node_modules/npm/bin/node-gyp-bin:/Users/alikahwaji/Desktop/workspace/APIs/api_core/node_modules/.bin:/Users/alikahwaji/.nvm/versions/node/v6.11.2/bin:/usr/local/bin:/usr/bin:/bin:/usr/sbin:/sbin:/opt/X11/bin:/bin
14 verbose lifecycle api_core@0.0.1~start: CWD: /Users/alikahwaji/Desktop/workspace/APIs/api_core
15 silly lifecycle api_core@0.0.1~start: Args: [ '-c', 'NODE_ENV=production pm2 start dist' ]
16 info lifecycle api_core@0.0.1~start: Failed to exec start script
17 verbose stack Error: api_core@0.0.1 start: `NODE_ENV=production pm2 start dist`
17 verbose stack spawn ENOENT
17 verbose stack     at ChildProcess.<anonymous> (/Users/alikahwaji/.nvm/versions/node/v6.11.2/lib/node_modules/npm/lib/utils/spawn.js:33:16)
17 verbose stack     at emitTwo (events.js:106:13)
17 verbose stack     at ChildProcess.emit (events.js:191:7)
17 verbose stack     at maybeClose (internal/child_process.js:891:16)
17 verbose stack     at Process.ChildProcess._handle.onexit (internal/child_process.js:226:5)
18 verbose pkgid api_core@0.0.1
19 verbose cwd /Users/alikahwaji/Desktop/workspace/APIs/api_core
20 error Darwin 16.7.0
21 error argv "/Users/alikahwaji/.nvm/versions/node/v6.11.2/bin/node" "/Users/alikahwaji/.nvm/versions/node/v6.11.2/bin/npm" "start"
22 error node v6.11.2
23 error npm  v3.10.10
24 error file sh
25 error code ELIFECYCLE
26 error errno ENOENT
27 error syscall spawn
28 error api_core@0.0.1 start: `NODE_ENV=production pm2 start dist`
28 error spawn ENOENT
29 error Failed at the api_core@0.0.1 start script 'NODE_ENV=production pm2 start dist'.
29 error Make sure you have the latest version of node.js and npm installed.
29 error If you do, this is most likely a problem with the api_core package,
29 error not with npm itself.
29 error Tell the author that this fails on your system:
29 error     NODE_ENV=production pm2 start dist
29 error You can get information on how to open an issue for this project with:
29 error     npm bugs api_core
29 error Or if that isn't available, you can get their info via:
29 error     npm owner ls api_core
29 error There is likely additional logging output above.
30 verbose exit [ 1, true ]
